2024-09-14T13:30:27+00:00 DEBUG POST: https://business-api.tiktok.com/tbp/v2.0/business_profile/disconnect?external_data=

{"business_platform":"WOO_COMMERCE","external_business_id":"tt4b_woocommerce_66e33cb58d1ce"}
 ajax: no
2024-09-14T13:30:27+00:00 DEBUG Tt4b_Mapi_Class::tbp_post: Response: 

HTTP/1.1 200 OK
Content-Type: application/json; charset=utf-8
Content-Length: 95
X-Api-Deprecation-Info: API for Business Version 1.3 is now live. To avoid disruption to your business, we recommend you migrate all calls to v1.3 as soon as possible. Please visit our migration guide for more details: https://ads.tiktok.com/marketing_api/docs?id=1740029169927169
X-Domain-Change-Info: We have moved to the new domain business-api.tiktok.com for API services after the Platform Upgrade on 09/30/2021. Please update all of your requests with the new domain if you haven't done so already. For more information, please visit https://ads.tiktok.com/marketing_api/docs?rid=esb88xalm6m&id=1709207085043713
X-Tt-Logid: 202409141330244187625BDCBE7C70BB76
x-tt-trace-host: 012c5e9ab44087500d26b09ca6df7cddb978747187b82a2ad2ac5fdeedcff6b343087942bc7fdeadd1f1bbbab2f79e66abaa7e0d66d34aa0c985de14fa47633127e2886e050b86d4174a966e20082bb87f9f205a278d0b2da3c6f091d3379dd317632d7b79969e1fdf5efcb98ba81ddc9a
x-tt-trace-id: 00-2409141330244187625BDCBE7C70BB76-3F3B83D94122D94B-00
Server: TLB
X-Origin-Response-Time: 12,23.211.140.133
X-Akamai-Request-ID: 110f59e5.11ded807
Expires: Sat, 14 Sep 2024 13:30:26 GMT
Cache-Control: max-age=0, no-cache, no-store
Pragma: no-cache
Date: Sat, 14 Sep 2024 13:30:26 GMT
X-Cache: TCP_MISS from a23-38-121-166.deploy.akamaitechnologies.com (AkamaiGHost/11.6.3-f27d542afa37241d2fddd9371d528b09) (-)
Connection: close
X-Cache-Remote: TCP_MISS from a23-211-140-133.deploy.akamaitechnologies.com (AkamaiGHost/11.6.3-f27d542afa37241d2fddd9371d528b09) (-)
x-tt-trace-tag: id=16;cdn-cache=miss;type=dyn
Server-Timing: cdn-cache; desc=MISS, edge; dur=155, origin; dur=12
Server-Timing: inner; dur=7
X-Parent-Response-Time: 166,23.38.121.166

{"code":40001,"message":"Permission denied.","request_id":"202409141330244187625BDCBE7C70BB76"}

2024-09-14T13:30:27+00:00 DEBUG POST: https://business-api.tiktok.com/tbp/v2.0/shop/connection/disconnect?external_data=

--- EMPTY STRING ---
 ajax: no
2024-09-14T13:30:28+00:00 DEBUG Tt4b_Mapi_Class::tts_shop_disconnect: Response: 

HTTP/1.1 200 OK
Content-Type: application/json; charset=utf-8
Content-Length: 95
X-Api-Deprecation-Info: API for Business Version 1.3 is now live. To avoid disruption to your business, we recommend you migrate all calls to v1.3 as soon as possible. Please visit our migration guide for more details: https://ads.tiktok.com/marketing_api/docs?id=1740029169927169
X-Domain-Change-Info: We have moved to the new domain business-api.tiktok.com for API services after the Platform Upgrade on 09/30/2021. Please update all of your requests with the new domain if you haven't done so already. For more information, please visit https://ads.tiktok.com/marketing_api/docs?rid=esb88xalm6m&id=1709207085043713
X-Tt-Logid: 20240914133025A158E99524F7B9709F9B
Server-Timing: inner; dur=8
x-tt-trace-host: 012c5e9ab44087500d26b09ca6df7cddb988c505469c8bfde1143d271325d6319acbe1d4d1fc56bee211c3ac79edc834bb46a353e0cbbdee2b2ac4ab7ddad17852756a08f38bf035b70be38889ac0fbaa44d467c72abc68d8e7ed401bb1366ea3e
x-tt-trace-id: 00-240914133025A158E99524F7B9709F9B-28F6804A28B3011E-00
Server: TLB
Expires: Sat, 14 Sep 2024 13:30:26 GMT
Cache-Control: max-age=0, no-cache, no-store
Pragma: no-cache
Date: Sat, 14 Sep 2024 13:30:26 GMT
X-Cache: TCP_MISS from a23-38-121-166.deploy.akamaitechnologies.com (AkamaiGHost/11.6.3-f27d542afa37241d2fddd9371d528b09) (-)
Connection: close
x-tt-trace-tag: id=16;cdn-cache=miss;type=dyn
Server-Timing: cdn-cache; desc=MISS, edge; dur=1, origin; dur=162
X-Origin-Response-Time: 163,23.38.121.166
X-Akamai-Request-ID: 11dee1c7

{"code":40001,"message":"Permission denied.","request_id":"20240914133025A158E99524F7B9709F9B"}

